[debug] [2023-12-19T11:14:08.064Z] ----------------------------------------------------------------------
[debug] [2023-12-19T11:14:08.066Z] Command:       /usr/local/bin/firebase /Users/jaivardhanshukla/.cache/firebase/tools/lib/node_modules/firebase-tools/lib/bin/firebase projects:list
[debug] [2023-12-19T11:14:08.067Z] CLI Version:   11.24.1
[debug] [2023-12-19T11:14:08.067Z] Platform:      darwin
[debug] [2023-12-19T11:14:08.067Z] Node Version:  v16.16.0
[debug] [2023-12-19T11:14:08.076Z] Time:          Tue Dec 19 2023 16:44:08 GMT+0530 (India Standard Time)
[debug] [2023-12-19T11:14:08.077Z] ----------------------------------------------------------------------
[debug] 
[debug] [2023-12-19T11:14:08.092Z] > command requires scopes: ["email","openid","https://www.googleapis.com/auth/cloudplatformprojects.readonly","https://www.googleapis.com/auth/firebase","https://www.googleapis.com/auth/cloud-platform"]
[debug] [2023-12-19T11:14:08.093Z] > authorizing via signed-in user (akojoel60@gmail.com)
[debug] [2023-12-19T11:14:08.098Z] > refreshing access token with scopes: []
[debug] [2023-12-19T11:14:08.099Z] >>> [apiv2][query] POST https://www.googleapis.com/oauth2/v3/token [none]
[debug] [2023-12-19T11:14:08.100Z] >>> [apiv2][body] POST https://www.googleapis.com/oauth2/v3/token [omitted]
[debug] [2023-12-19T11:14:08.415Z] <<< [apiv2][status] POST https://www.googleapis.com/oauth2/v3/token 400
[debug] [2023-12-19T11:14:08.416Z] <<< [apiv2][body] POST https://www.googleapis.com/oauth2/v3/token [omitted]
[debug] [2023-12-19T11:14:08.417Z] >>> [apiv2][query] GET https://firebase.googleapis.com/v1beta1/projects pageSize=1000
[debug] [2023-12-19T11:14:08.746Z] <<< [apiv2][status] GET https://firebase.googleapis.com/v1beta1/projects 401
[debug] [2023-12-19T11:14:08.747Z] <<< [apiv2][body] GET https://firebase.googleapis.com/v1beta1/projects [omitted]
[debug] [2023-12-19T11:14:08.748Z] HTTP Error: 401, Request had invalid authentication credentials. Expected OAuth 2 access token, login cookie or other valid authentication credential. See https://developers.google.com/identity/sign-in/web/devconsole-project.
[debug] [2023-12-19T11:14:09.010Z] FirebaseError: HTTP Error: 401, Request had invalid authentication credentials. Expected OAuth 2 access token, login cookie or other valid authentication credential. See https://developers.google.com/identity/sign-in/web/devconsole-project.
    at responseToError (/Users/jaivardhanshukla/.cache/firebase/tools/lib/node_modules/firebase-tools/lib/responseToError.js:49:12)
    at RetryOperation._fn (/Users/jaivardhanshukla/.cache/firebase/tools/lib/node_modules/firebase-tools/lib/apiv2.js:288:77)
    at processTicksAndRejections (node:internal/process/task_queues:96:5)
[error] 
[error] Error: Failed to list Firebase projects. See firebase-debug.log for more info.
